<?xml version="1.0" encoding="UTF-8"?>
<!-- Generated by org.testng.reporters.JUnitXMLReporter -->
<testsuite ignored="0" hostname="DESKTOP-JVN81HD" failures="0" tests="3" name="Command line test" time="14.254" errors="0" timestamp="2023-01-16T23:11:52 EST">
  <testcase classname="tests.TestNGTests" name="verifyAllFiterDisplayed" time="0.535"/>
  <testcase classname="tests.TestNGTests" name="verifyPagination" time="0.076"/>
  <testcase classname="tests.TestNGTests" name="verifyVideoLinkClickble" time="7.33"/>
</testsuite> <!-- Command line test -->
