<?xml version="1.0" encoding="UTF-8"?>
<!-- Generated by org.testng.reporters.JUnitXMLReporter -->
<testsuite ignored="0" hostname="DESKTOP-ACNG81H" failures="0" tests="6" name="Default test" time="31.114" errors="0" timestamp="2023-01-17T16:20:51 IST">
  <testcase classname="tests.TestNGTests" name="NavigatetoDocs" time="1.024"/>
  <testcase classname="tests.TestNGTests" name="verifyPagination" time="2.474"/>
  <testcase classname="tests.TestNGTests" name="verifyVideoLinkLaunchable" time="10.281"/>
  <testcase classname="tests.TestNGTests" name="PerformSearch" time="4.775"/>
  <testcase classname="tests.TestNGTests" name="PerformSearch" time="4.632"/>
  <testcase classname="tests.TestNGTests" name="PerformSearch" time="4.634"/>
</testsuite> <!-- Default test -->
