<?xml version="1.0" encoding="UTF-8"?>
<!-- Generated by org.testng.reporters.JUnitXMLReporter -->
<testsuite ignored="0" hostname="DESKTOP-ACNG81H" failures="0" tests="12" name="Test" time="35.831" errors="0" timestamp="2023-01-17T18:17:20 IST">
  <testcase classname="tests.TestNGTests1" name="NavigatetoDocs" time="0.902"/>
  <testcase classname="tests.TestNGTests2" name="NavigatetoDocs" time="1.067"/>
  <testcase classname="tests.TestNGTests1" name="verifyPagination" time="2.266"/>
  <testcase classname="tests.TestNGTests2" name="verifyPagination" time="2.728"/>
  <testcase classname="tests.TestNGTests1" name="verifyVideoLinkLaunchable" time="10.269"/>
  <testcase classname="tests.TestNGTests2" name="verifyVideoLinkLaunchable" time="10.317"/>
  <testcase classname="tests.TestNGTests1" name="PerformSearch" time="5.578"/>
  <testcase classname="tests.TestNGTests2" name="PerformSearch" time="5.537"/>
  <testcase classname="tests.TestNGTests1" name="PerformSearch" time="5.51"/>
  <testcase classname="tests.TestNGTests2" name="PerformSearch" time="5.528"/>
  <testcase classname="tests.TestNGTests1" name="PerformSearch" time="5.501"/>
  <testcase classname="tests.TestNGTests2" name="PerformSearch" time="5.452"/>
</testsuite> <!-- Test -->
