<?xml version="1.0" encoding="UTF-8"?>
<!-- Generated by org.testng.reporters.JUnitXMLReporter -->
<testsuite ignored="0" hostname="DESKTOP-ACNG81H" failures="0" tests="12" name="tvo_AutomationTestCases" time="45.336" errors="0" timestamp="2023-01-18T06:10:25 IST">
  <testcase classname="tests.TestNGTests1" name="NavigatetoDocs" time="1.865"/>
  <testcase classname="tests.TestNGTests2" name="NavigatetoDocs" time="1.944"/>
  <testcase classname="tests.TestNGTests2" name="verifyPagination" time="2.657"/>
  <testcase classname="tests.TestNGTests1" name="verifyPagination" time="2.915"/>
  <testcase classname="tests.TestNGTests2" name="verifyVideoLinkLaunchable" time="10.393"/>
  <testcase classname="tests.TestNGTests1" name="verifyVideoLinkLaunchable" time="10.473"/>
  <testcase classname="tests.TestNGTests2" name="PerformSearch" time="5.944"/>
  <testcase classname="tests.TestNGTests1" name="PerformSearch" time="6.065"/>
  <testcase classname="tests.TestNGTests2" name="PerformSearch" time="5.757"/>
  <testcase classname="tests.TestNGTests1" name="PerformSearch" time="5.543"/>
  <testcase classname="tests.TestNGTests2" name="PerformSearch" time="5.747"/>
  <testcase classname="tests.TestNGTests1" name="PerformSearch" time="5.656"/>
</testsuite> <!-- tvo_AutomationTestCases -->
