<?xml version="1.0" encoding="UTF-8"?>
<testng-results ignored="0" total="3" passed="3" failed="0" skipped="0">
  <reporter-output>
  </reporter-output>
  <suite started-at="2023-01-16T23:11:38 EST" name="tests.TestNGTests" finished-at="2023-01-16T23:11:52 EST" duration-ms="14254">
    <groups>
    </groups>
    <test started-at="2023-01-16T23:11:38 EST" name="Command line test" finished-at="2023-01-16T23:11:52 EST" duration-ms="14254">
      <class name="tests.TestNGTests">
        <test-method is-config="true" signature="setUp()[pri:0, instance:tests.TestNGTests@2bfc268b]" started-at="2023-01-16T23:11:38 EST" name="setUp" finished-at="2023-01-16T23:11:43 EST" duration-ms="5610" status="PASS">
          <reporter-output>
          </reporter-output>
        </test-method> <!-- setUp -->
        <test-method signature="verifyAllFiterDisplayed()[pri:0, instance:tests.TestNGTests@2bfc268b]" started-at="2023-01-16T23:11:43 EST" name="verifyAllFiterDisplayed" finished-at="2023-01-16T23:11:44 EST" duration-ms="535" status="PASS">
          <reporter-output>
          </reporter-output>
        </test-method> <!-- verifyAllFiterDisplayed -->
        <test-method signature="verifyPagination()[pri:0, instance:tests.TestNGTests@2bfc268b]" started-at="2023-01-16T23:11:44 EST" name="verifyPagination" finished-at="2023-01-16T23:11:44 EST" duration-ms="76" status="PASS">
          <reporter-output>
          </reporter-output>
        </test-method> <!-- verifyPagination -->
        <test-method signature="verifyVideoLinkClickble()[pri:0, instance:tests.TestNGTests@2bfc268b]" started-at="2023-01-16T23:11:44 EST" name="verifyVideoLinkClickble" finished-at="2023-01-16T23:11:51 EST" duration-ms="7330" status="PASS">
          <reporter-output>
          </reporter-output>
        </test-method> <!-- verifyVideoLinkClickble -->
        <test-method is-config="true" signature="tearDown()[pri:0, instance:tests.TestNGTests@2bfc268b]" started-at="2023-01-16T23:11:51 EST" name="tearDown" finished-at="2023-01-16T23:11:52 EST" duration-ms="671" status="PASS">
          <reporter-output>
          </reporter-output>
        </test-method> <!-- tearDown -->
      </class> <!-- tests.TestNGTests -->
    </test> <!-- Command line test -->
  </suite> <!-- tests.TestNGTests -->
</testng-results>
