<?xml version="1.0" encoding="UTF-8"?>
<testng-results ignored="0" total="12" passed="12" failed="0" skipped="0">
  <reporter-output>
  </reporter-output>
  <suite started-at="2023-01-17T18:16:44 IST" name="Suite" finished-at="2023-01-17T18:17:20 IST" duration-ms="35831">
    <groups>
    </groups>
    <test started-at="2023-01-17T18:16:44 IST" name="Test" finished-at="2023-01-17T18:17:20 IST" duration-ms="35831">
      <class name="tests.TestNGTests2">
        <test-method is-config="true" signature="setUp()[pri:0, instance:tests.TestNGTests2@3646a422]" started-at="2023-01-17T18:16:47 IST" name="setUp" finished-at="2023-01-17T18:16:49 IST" duration-ms="1856" status="PASS">
          <reporter-output>
          </reporter-output>
        </test-method> <!-- setUp -->
        <test-method signature="NavigatetoDocs()[pri:1, instance:tests.TestNGTests2@3646a422]" started-at="2023-01-17T18:16:49 IST" name="NavigatetoDocs" description="Navigate to All Docs&amp;Series" finished-at="2023-01-17T18:16:50 IST" duration-ms="1067" status="PASS">
          <reporter-output>
          </reporter-output>
        </test-method> <!-- NavigatetoDocs -->
        <test-method signature="verifyPagination()[pri:2, instance:tests.TestNGTests2@3646a422]" started-at="2023-01-17T18:16:50 IST" name="verifyPagination" description="Check whether the Previous and Next Buttons are Clickable" finished-at="2023-01-17T18:16:53 IST" duration-ms="2728" status="PASS">
          <reporter-output>
          </reporter-output>
        </test-method> <!-- verifyPagination -->
        <test-method signature="verifyVideoLinkLaunchable()[pri:3, instance:tests.TestNGTests2@3646a422]" started-at="2023-01-17T18:16:53 IST" name="verifyVideoLinkLaunchable" description="Navigate to Docs and Launch a Video URL" finished-at="2023-01-17T18:17:03 IST" duration-ms="10317" status="PASS">
          <reporter-output>
          </reporter-output>
        </test-method> <!-- verifyVideoLinkLaunchable -->
        <test-method signature="PerformSearch(java.lang.String)[pri:4, instance:tests.TestNGTests2@3646a422]" started-at="2023-01-17T18:17:03 IST" name="PerformSearch" description="Click on Search Icon and Perform Video Search with a Keyword" data-provider="Searchkeyword" finished-at="2023-01-17T18:17:08 IST" duration-ms="5537" status="PASS">
          <params>
            <param index="0">
              <value>
                <![CDATA[1001 Nights Apart | TVO Today]]>
              </value>
            </param>
          </params>
          <reporter-output>
          </reporter-output>
        </test-method> <!-- PerformSearch -->
        <test-method signature="PerformSearch(java.lang.String)[pri:4, instance:tests.TestNGTests2@3646a422]" started-at="2023-01-17T18:17:08 IST" name="PerformSearch" description="Click on Search Icon and Perform Video Search with a Keyword" data-provider="Searchkeyword" finished-at="2023-01-17T18:17:14 IST" duration-ms="5528" status="PASS">
          <params>
            <param index="0">
              <value>
                <![CDATA[19 Days | TVO Today]]>
              </value>
            </param>
          </params>
          <reporter-output>
          </reporter-output>
        </test-method> <!-- PerformSearch -->
        <test-method signature="PerformSearch(java.lang.String)[pri:4, instance:tests.TestNGTests2@3646a422]" started-at="2023-01-17T18:17:14 IST" name="PerformSearch" description="Click on Search Icon and Perform Video Search with a Keyword" data-provider="Searchkeyword" finished-at="2023-01-17T18:17:19 IST" duration-ms="5452" status="PASS">
          <params>
            <param index="0">
              <value>
                <![CDATA[Beautiful Scars | TVO Today]]>
              </value>
            </param>
          </params>
          <reporter-output>
          </reporter-output>
        </test-method> <!-- PerformSearch -->
      </class> <!-- tests.TestNGTests2 -->
      <class name="tests.TestNGTests1">
        <test-method is-config="true" signature="setUp()[pri:0, instance:tests.TestNGTests1@1a6d8329]" started-at="2023-01-17T18:16:44 IST" name="setUp" finished-at="2023-01-17T18:16:47 IST" duration-ms="2976" status="PASS">
          <reporter-output>
          </reporter-output>
        </test-method> <!-- setUp -->
        <test-method signature="NavigatetoDocs()[pri:1, instance:tests.TestNGTests1@1a6d8329]" started-at="2023-01-17T18:16:49 IST" name="NavigatetoDocs" description="Navigate to All Docs&amp;Series" finished-at="2023-01-17T18:16:50 IST" duration-ms="902" status="PASS">
          <reporter-output>
          </reporter-output>
        </test-method> <!-- NavigatetoDocs -->
        <test-method signature="verifyPagination()[pri:2, instance:tests.TestNGTests1@1a6d8329]" started-at="2023-01-17T18:16:50 IST" name="verifyPagination" description="Check whether the Previous and Next Buttons are Clickable" finished-at="2023-01-17T18:16:52 IST" duration-ms="2266" status="PASS">
          <reporter-output>
          </reporter-output>
        </test-method> <!-- verifyPagination -->
        <test-method signature="verifyVideoLinkLaunchable()[pri:3, instance:tests.TestNGTests1@1a6d8329]" started-at="2023-01-17T18:16:52 IST" name="verifyVideoLinkLaunchable" description="Navigate to Docs and Launch a Video URL" finished-at="2023-01-17T18:17:02 IST" duration-ms="10269" status="PASS">
          <reporter-output>
          </reporter-output>
        </test-method> <!-- verifyVideoLinkLaunchable -->
        <test-method signature="PerformSearch(java.lang.String)[pri:4, instance:tests.TestNGTests1@1a6d8329]" started-at="2023-01-17T18:17:02 IST" name="PerformSearch" description="Click on Search Icon and Perform Video Search with a Keyword" data-provider="Searchkeyword" finished-at="2023-01-17T18:17:08 IST" duration-ms="5578" status="PASS">
          <params>
            <param index="0">
              <value>
                <![CDATA[1001 Nights Apart | TVO Today]]>
              </value>
            </param>
          </params>
          <reporter-output>
          </reporter-output>
        </test-method> <!-- PerformSearch -->
        <test-method signature="PerformSearch(java.lang.String)[pri:4, instance:tests.TestNGTests1@1a6d8329]" started-at="2023-01-17T18:17:08 IST" name="PerformSearch" description="Click on Search Icon and Perform Video Search with a Keyword" data-provider="Searchkeyword" finished-at="2023-01-17T18:17:13 IST" duration-ms="5510" status="PASS">
          <params>
            <param index="0">
              <value>
                <![CDATA[19 Days | TVO Today]]>
              </value>
            </param>
          </params>
          <reporter-output>
          </reporter-output>
        </test-method> <!-- PerformSearch -->
        <test-method signature="PerformSearch(java.lang.String)[pri:4, instance:tests.TestNGTests1@1a6d8329]" started-at="2023-01-17T18:17:13 IST" name="PerformSearch" description="Click on Search Icon and Perform Video Search with a Keyword" data-provider="Searchkeyword" finished-at="2023-01-17T18:17:19 IST" duration-ms="5501" status="PASS">
          <params>
            <param index="0">
              <value>
                <![CDATA[Beautiful Scars | TVO Today]]>
              </value>
            </param>
          </params>
          <reporter-output>
          </reporter-output>
        </test-method> <!-- PerformSearch -->
        <test-method is-config="true" signature="tearDown()[pri:0, instance:tests.TestNGTests1@1a6d8329]" started-at="2023-01-17T18:17:19 IST" name="tearDown" finished-at="2023-01-17T18:17:20 IST" duration-ms="341" status="PASS">
          <reporter-output>
          </reporter-output>
        </test-method> <!-- tearDown -->
      </class> <!-- tests.TestNGTests1 -->
    </test> <!-- Test -->
  </suite> <!-- Suite -->
</testng-results>
