<?xml version="1.0" encoding="UTF-8"?>
<testng-results ignored="0" total="12" passed="12" failed="0" skipped="0">
  <reporter-output>
  </reporter-output>
  <suite started-at="2023-01-18T06:09:39 IST" name="tvo_AutomationTestSuite" finished-at="2023-01-18T06:10:25 IST" duration-ms="45336">
    <groups>
    </groups>
    <test started-at="2023-01-18T06:09:39 IST" name="tvo_AutomationTestCases" finished-at="2023-01-18T06:10:25 IST" duration-ms="45336">
      <class name="tests.TestNGTests2">
        <test-method is-config="true" signature="setUp()[pri:0, instance:tests.TestNGTests2@65c7a252]" started-at="2023-01-18T06:09:48 IST" name="setUp" finished-at="2023-01-18T06:09:51 IST" duration-ms="2527" status="PASS">
          <reporter-output>
          </reporter-output>
        </test-method> <!-- setUp -->
        <test-method signature="NavigatetoDocs()[pri:1, instance:tests.TestNGTests2@65c7a252]" started-at="2023-01-18T06:09:51 IST" name="NavigatetoDocs" description="Navigate to All Docs&amp;Series" finished-at="2023-01-18T06:09:53 IST" duration-ms="1944" status="PASS">
          <reporter-output>
          </reporter-output>
        </test-method> <!-- NavigatetoDocs -->
        <test-method signature="verifyPagination()[pri:2, instance:tests.TestNGTests2@65c7a252]" started-at="2023-01-18T06:09:53 IST" name="verifyPagination" description="Check whether the Previous and Next Buttons are Clickable" finished-at="2023-01-18T06:09:56 IST" duration-ms="2657" status="PASS">
          <reporter-output>
          </reporter-output>
        </test-method> <!-- verifyPagination -->
        <test-method signature="verifyVideoLinkLaunchable()[pri:3, instance:tests.TestNGTests2@65c7a252]" started-at="2023-01-18T06:09:56 IST" name="verifyVideoLinkLaunchable" description="Navigate to Docs and Launch a Video URL" finished-at="2023-01-18T06:10:06 IST" duration-ms="10393" status="PASS">
          <reporter-output>
          </reporter-output>
        </test-method> <!-- verifyVideoLinkLaunchable -->
        <test-method signature="PerformSearch(java.lang.String)[pri:4, instance:tests.TestNGTests2@65c7a252]" started-at="2023-01-18T06:10:06 IST" name="PerformSearch" description="Click on Search Icon and Perform Video Search with a Keyword" data-provider="Searchkeyword" finished-at="2023-01-18T06:10:12 IST" duration-ms="5944" status="PASS">
          <params>
            <param index="0">
              <value>
                <![CDATA[1001 Nights Apart | TVO Today]]>
              </value>
            </param>
          </params>
          <reporter-output>
          </reporter-output>
        </test-method> <!-- PerformSearch -->
        <test-method signature="PerformSearch(java.lang.String)[pri:4, instance:tests.TestNGTests2@65c7a252]" started-at="2023-01-18T06:10:12 IST" name="PerformSearch" description="Click on Search Icon and Perform Video Search with a Keyword" data-provider="Searchkeyword" finished-at="2023-01-18T06:10:18 IST" duration-ms="5757" status="PASS">
          <params>
            <param index="0">
              <value>
                <![CDATA[19 Days | TVO Today]]>
              </value>
            </param>
          </params>
          <reporter-output>
          </reporter-output>
        </test-method> <!-- PerformSearch -->
        <test-method signature="PerformSearch(java.lang.String)[pri:4, instance:tests.TestNGTests2@65c7a252]" started-at="2023-01-18T06:10:18 IST" name="PerformSearch" description="Click on Search Icon and Perform Video Search with a Keyword" data-provider="Searchkeyword" finished-at="2023-01-18T06:10:23 IST" duration-ms="5747" status="PASS">
          <params>
            <param index="0">
              <value>
                <![CDATA[Beautiful Scars | TVO Today]]>
              </value>
            </param>
          </params>
          <reporter-output>
          </reporter-output>
        </test-method> <!-- PerformSearch -->
        <test-method is-config="true" signature="tearDown()[pri:0, instance:tests.TestNGTests2@65c7a252]" started-at="2023-01-18T06:10:24 IST" name="tearDown" finished-at="2023-01-18T06:10:25 IST" duration-ms="492" status="PASS">
          <reporter-output>
          </reporter-output>
        </test-method> <!-- tearDown -->
      </class> <!-- tests.TestNGTests2 -->
      <class name="tests.TestNGTests1">
        <test-method is-config="true" signature="setUp()[pri:0, instance:tests.TestNGTests1@2e6a8155]" started-at="2023-01-18T06:09:39 IST" name="setUp" finished-at="2023-01-18T06:09:48 IST" duration-ms="9183" status="PASS">
          <reporter-output>
          </reporter-output>
        </test-method> <!-- setUp -->
        <test-method signature="NavigatetoDocs()[pri:1, instance:tests.TestNGTests1@2e6a8155]" started-at="2023-01-18T06:09:51 IST" name="NavigatetoDocs" description="Navigate to All Docs&amp;Series" finished-at="2023-01-18T06:09:53 IST" duration-ms="1865" status="PASS">
          <reporter-output>
          </reporter-output>
        </test-method> <!-- NavigatetoDocs -->
        <test-method signature="verifyPagination()[pri:2, instance:tests.TestNGTests1@2e6a8155]" started-at="2023-01-18T06:09:53 IST" name="verifyPagination" description="Check whether the Previous and Next Buttons are Clickable" finished-at="2023-01-18T06:09:56 IST" duration-ms="2915" status="PASS">
          <reporter-output>
          </reporter-output>
        </test-method> <!-- verifyPagination -->
        <test-method signature="verifyVideoLinkLaunchable()[pri:3, instance:tests.TestNGTests1@2e6a8155]" started-at="2023-01-18T06:09:56 IST" name="verifyVideoLinkLaunchable" description="Navigate to Docs and Launch a Video URL" finished-at="2023-01-18T06:10:06 IST" duration-ms="10473" status="PASS">
          <reporter-output>
          </reporter-output>
        </test-method> <!-- verifyVideoLinkLaunchable -->
        <test-method signature="PerformSearch(java.lang.String)[pri:4, instance:tests.TestNGTests1@2e6a8155]" started-at="2023-01-18T06:10:06 IST" name="PerformSearch" description="Click on Search Icon and Perform Video Search with a Keyword" data-provider="Searchkeyword" finished-at="2023-01-18T06:10:12 IST" duration-ms="6065" status="PASS">
          <params>
            <param index="0">
              <value>
                <![CDATA[1001 Nights Apart | TVO Today]]>
              </value>
            </param>
          </params>
          <reporter-output>
          </reporter-output>
        </test-method> <!-- PerformSearch -->
        <test-method signature="PerformSearch(java.lang.String)[pri:4, instance:tests.TestNGTests1@2e6a8155]" started-at="2023-01-18T06:10:12 IST" name="PerformSearch" description="Click on Search Icon and Perform Video Search with a Keyword" data-provider="Searchkeyword" finished-at="2023-01-18T06:10:18 IST" duration-ms="5543" status="PASS">
          <params>
            <param index="0">
              <value>
                <![CDATA[19 Days | TVO Today]]>
              </value>
            </param>
          </params>
          <reporter-output>
          </reporter-output>
        </test-method> <!-- PerformSearch -->
        <test-method signature="PerformSearch(java.lang.String)[pri:4, instance:tests.TestNGTests1@2e6a8155]" started-at="2023-01-18T06:10:18 IST" name="PerformSearch" description="Click on Search Icon and Perform Video Search with a Keyword" data-provider="Searchkeyword" finished-at="2023-01-18T06:10:24 IST" duration-ms="5656" status="PASS">
          <params>
            <param index="0">
              <value>
                <![CDATA[Beautiful Scars | TVO Today]]>
              </value>
            </param>
          </params>
          <reporter-output>
          </reporter-output>
        </test-method> <!-- PerformSearch -->
        <test-method is-config="true" signature="tearDown()[pri:0, instance:tests.TestNGTests1@2e6a8155]" started-at="2023-01-18T06:10:24 IST" name="tearDown" finished-at="2023-01-18T06:10:24 IST" duration-ms="522" status="PASS">
          <reporter-output>
          </reporter-output>
        </test-method> <!-- tearDown -->
      </class> <!-- tests.TestNGTests1 -->
    </test> <!-- tvo_AutomationTestCases -->
  </suite> <!-- tvo_AutomationTestSuite -->
</testng-results>
